Arguments: 
  /usr/bin/node /usr/share/yarn/bin/yarn.js add serialport

PATH: 
  /home/david/.config/composer/vendor/bin:/home/david/bin:/usr/local/bin:/usr/local/sbin:/usr/local/bin:/usr/sbin:/usr/bin:/sbin:/bin:/usr/games:/usr/local/games:/snap/bin

Yarn version: 
  1.9.4

Node version: 
  8.11.4

Platform: 
  linux x64

Trace: 
  SyntaxError: /home/david/vsense/mindWaveComm/package.json: Unexpected token } in JSON at position 244
      at JSON.parse (<anonymous>)
      at /usr/share/yarn/lib/cli.js:1130:59
      at Generator.next (<anonymous>)
      at step (/usr/share/yarn/lib/cli.js:92:30)
      at /usr/share/yarn/lib/cli.js:103:13
      at <anonymous>

npm manifest: 
  {
    "name": "mindwavecomm",
    "version": "1.0.0",
    "description": "Manage communication with Mindwave Headset",
    "main": "index.js",
    "scripts": {
      "test": "echo \"Error: no test specified\" && exit 1"
    },
    "author": "Verum Consilium",
  }

yarn manifest: 
  No manifest

Lockfile: 
  No lockfile
